#
# There is insufficient memory for the Java Runtime Environment to continue.
# Native memory allocation (malloc) failed to allocate 2097152 bytes for AllocateHeap
# Possible reasons:
#   The system is out of physical RAM or swap space
#   The process is running with CompressedOops enabled, and the Java Heap may be blocking the growth of the native heap
# Possible solutions:
#   Reduce memory load on the system
#   Increase physical memory or swap space
#   Check if swap backing store is full
#   Decrease Java heap size (-Xmx/-Xms)
#   Decrease number of Java threads
#   Decrease Java thread stack sizes (-Xss)
#   Set larger code cache with -XX:ReservedCodeCacheSize=
#   JVM is running with Unscaled Compressed Oops mode in which the Java heap is
#     placed in the first 4GB address space. The Java Heap base address is the
#     maximum limit for the native heap growth. Please use -XX:HeapBaseMinAddress
#     to set the Java Heap base and to place the Java Heap above 4GB virtual address.
# This output file may be truncated or incomplete.
#
#  Out of Memory Error (allocation.cpp:44), pid=8100, tid=22256
#
# JRE version: OpenJDK Runtime Environment Temurin-17.0.9+9 (17.0.9+9) (build 17.0.9+9)
# Java VM: OpenJDK 64-Bit Server VM Temurin-17.0.9+9 (17.0.9+9, mixed mode, emulated-client, tiered, compressed oops, compressed class ptrs, g1 gc, windows-amd64)
# No core dump will be written. Minidumps are not enabled by default on client versions of Windows
#

---------------  S U M M A R Y ------------

Command Line: -XX:+HeapDumpOnOutOfMemoryError -Xmx1024m -Dsts.lsp.client=vscode -Dsts.log.file=/dev/null -XX:TieredStopAtLevel=1 -Xlog:jni+resolve=off -Dspring.config.location=file:c:\Users\bryanesteban\.vscode\extensions\vmware.vscode-spring-boot-1.51.0\language-server\BOOT-INF\classes\application.properties org.springframework.ide.vscode.boot.app.BootLanguageServerBootApp

Host: 12th Gen Intel(R) Core(TM) i7-12700K, 20 cores, 63G,  Windows 10 , 64 bit Build 19041 (10.0.19041.3031)
Time: Sat Jan 13 00:18:58 2024 Hora est. Pacífico, Sudamérica elapsed time: 180048.429200 seconds (2d 2h 0m 48s)

---------------  T H R E A D  ---------------

Current thread (0x0000020bc09e9a30):  VMThread "VM Thread" [stack: 0x0000003a44300000,0x0000003a44400000] [id=22256]

Stack: [0x0000003a44300000,0x0000003a44400000]
Native frames: (J=compiled Java code, j=interpreted, Vv=VM code, C=native code)
V  [jvm.dll+0x67cf49]
V  [jvm.dll+0x83478a]
V  [jvm.dll+0x83624e]
V  [jvm.dll+0x8368b3]
V  [jvm.dll+0x247f1f]
V  [jvm.dll+0xa6b4b]
V  [jvm.dll+0x2f8f01]
V  [jvm.dll+0x2f4af0]
V  [jvm.dll+0x2dd0d7]
V  [jvm.dll+0x320357]
V  [jvm.dll+0x83adab]
V  [jvm.dll+0x83baf1]
V  [jvm.dll+0x83c00d]
V  [jvm.dll+0x83c3e4]
V  [jvm.dll+0x83c4b0]
V  [jvm.dll+0x7e3c3a]
V  [jvm.dll+0x67be35]
C  [ucrtbase.dll+0x21bb2]
C  [KERNEL32.DLL+0x17614]
C  [ntdll.dll+0x526f1]

VM_Operation (0x0000003a468febf0): G1CollectFull, mode: safepoint, requested by thread 0x0000020bc65a2650


---------------  P R O C E S S  ---------------

Threads class SMR info:
_java_thread_list=0x0000020bc5a44020, length=47, elements={
0x0000020bc09fe370, 0x0000020bc09fef00, 0x0000020bc0a373c0, 0x0000020bc0a37c90,
0x0000020bc0a3ab90, 0x0000020bc0a3d080, 0x0000020bc0a3da20, 0x0000020bc0a3e150,
0x0000020bc5099b70, 0x0000020bc50bce50, 0x0000020bc6607e80, 0x0000020bc65a2650,
0x0000020bc6743ec0, 0x0000020bb49fd120, 0x0000020bc6746bc0, 0x0000020bc677b500,
0x0000020bc67a5310, 0x0000020bc67a5820, 0x0000020bc67a5d30, 0x0000020bc70e7ef0,
0x0000020bc70e9330, 0x0000020bc70e8400, 0x0000020bc70e6090, 0x0000020bc70e8910,
0x0000020bc70e5b80, 0x0000020bc70e79e0, 0x0000020bc67a6240, 0x0000020bc67a6750,
0x0000020bc67a34b0, 0x0000020bc67a39c0, 0x0000020bc67a4e00, 0x0000020bc67a43e0,
0x0000020bc67a48f0, 0x0000020bc70e65a0, 0x0000020bc7601730, 0x0000020bc7601220,
0x0000020bc7607250, 0x0000020bc7605e10, 0x0000020bc7604ee0, 0x0000020bc7603aa0,
0x0000020bc7600800, 0x0000020bc7602660, 0x0000020bc75ff8d0, 0x0000020bc7602150,
0x0000020bc7606d40, 0x0000020bc75ffde0, 0x0000020bc7601c40
}

Java Threads: ( => current thread )
  0x0000020bc09fe370 JavaThread "Reference Handler" daemon [_thread_blocked, id=11432, stack(0x0000003a44400000,0x0000003a44500000)]
  0x0000020bc09fef00 JavaThread "Finalizer" daemon [_thread_blocked, id=7392, stack(0x0000003a44500000,0x0000003a44600000)]
  0x0000020bc0a373c0 JavaThread "Signal Dispatcher" daemon [_thread_blocked, id=924, stack(0x0000003a44600000,0x0000003a44700000)]
  0x0000020bc0a37c90 JavaThread "Attach Listener" daemon [_thread_blocked, id=31568, stack(0x0000003a44700000,0x0000003a44800000)]
  0x0000020bc0a3ab90 JavaThread "Service Thread" daemon [_thread_blocked, id=32972, stack(0x0000003a44800000,0x0000003a44900000)]
  0x0000020bc0a3d080 JavaThread "Monitor Deflation Thread" daemon [_thread_blocked, id=2800, stack(0x0000003a44900000,0x0000003a44a00000)]
  0x0000020bc0a3da20 JavaThread "C1 CompilerThread0" daemon [_thread_blocked, id=8572, stack(0x0000003a44a00000,0x0000003a44b00000)]
  0x0000020bc0a3e150 JavaThread "Sweeper thread" daemon [_thread_blocked, id=15620, stack(0x0000003a44b00000,0x0000003a44c00000)]
  0x0000020bc5099b70 JavaThread "Notification Thread" daemon [_thread_blocked, id=26220, stack(0x0000003a44e00000,0x0000003a44f00000)]
  0x0000020bc50bce50 JavaThread "Common-Cleaner" daemon [_thread_blocked, id=18812, stack(0x0000003a45000000,0x0000003a45100000)]
  0x0000020bc6607e80 JavaThread "boundedElastic-evictor-1" daemon [_thread_blocked, id=5528, stack(0x0000003a46000000,0x0000003a46100000)]
  0x0000020bc65a2650 JavaThread "pool-12-thread-1" [_thread_blocked, id=1184, stack(0x0000003a46800000,0x0000003a46900000)]
  0x0000020bc6743ec0 JavaThread "LanguageServerApp-lifecycle" [_thread_blocked, id=480, stack(0x0000003a46900000,0x0000003a46a00000)]
  0x0000020bb49fd120 JavaThread "DestroyJavaVM" [_thread_blocked, id=22196, stack(0x0000003a43d00000,0x0000003a43e00000)]
  0x0000020bc6746bc0 JavaThread "pool-13-thread-1" [_thread_in_native, id=18492, stack(0x0000003a46a00000,0x0000003a46b00000)]
  0x0000020bc677b500 JavaThread "Simple-Language-Server main thread" daemon [_thread_blocked, id=19940, stack(0x0000003a46b00000,0x0000003a46c00000)]
  0x0000020bc67a5310 JavaThread "parallel-1" daemon [_thread_blocked, id=17392, stack(0x0000003a46f00000,0x0000003a47000000)]
  0x0000020bc67a5820 JavaThread "pool-6-thread-1" [_thread_blocked, id=27352, stack(0x0000003a47000000,0x0000003a47100000)]
  0x0000020bc67a5d30 JavaThread "parallel-2" daemon [_thread_blocked, id=17796, stack(0x0000003a47100000,0x0000003a47200000)]
  0x0000020bc70e7ef0 JavaThread "parallel-3" daemon [_thread_blocked, id=12932, stack(0x0000003a45100000,0x0000003a45200000)]
  0x0000020bc70e9330 JavaThread "Reconciler-1" daemon [_thread_blocked, id=6584, stack(0x0000003a46200000,0x0000003a46300000)]
  0x0000020bc70e8400 JavaThread "pool-8-thread-1" [_thread_blocked, id=30108, stack(0x0000003a43c00000,0x0000003a43d00000)]
  0x0000020bc70e6090 JavaThread "parallel-4" daemon [_thread_blocked, id=15800, stack(0x0000003a44c00000,0x0000003a44d00000)]
  0x0000020bc70e8910 JavaThread "parallel-5" daemon [_thread_blocked, id=7024, stack(0x0000003a43a00000,0x0000003a43b00000)]
  0x0000020bc70e5b80 JavaThread "parallel-6" daemon [_thread_blocked, id=1940, stack(0x0000003a46d00000,0x0000003a46e00000)]
  0x0000020bc70e79e0 JavaThread "parallel-7" daemon [_thread_blocked, id=24944, stack(0x0000003a47200000,0x0000003a47300000)]
  0x0000020bc67a6240 JavaThread "parallel-8" daemon [_thread_blocked, id=33176, stack(0x0000003a47300000,0x0000003a47400000)]
  0x0000020bc67a6750 JavaThread "parallel-9" daemon [_thread_blocked, id=34116, stack(0x0000003a47700000,0x0000003a47800000)]
  0x0000020bc67a34b0 JavaThread "parallel-10" daemon [_thread_blocked, id=11608, stack(0x0000003a47800000,0x0000003a47900000)]
  0x0000020bc67a39c0 JavaThread "parallel-11" daemon [_thread_blocked, id=16172, stack(0x0000003a43b00000,0x0000003a43c00000)]
  0x0000020bc67a4e00 JavaThread "parallel-12" daemon [_thread_blocked, id=6100, stack(0x0000003a46e00000,0x0000003a46f00000)]
  0x0000020bc67a43e0 JavaThread "parallel-13" daemon [_thread_blocked, id=32140, stack(0x0000003a47400000,0x0000003a47500000)]
  0x0000020bc67a48f0 JavaThread "parallel-14" daemon [_thread_blocked, id=13868, stack(0x0000003a47500000,0x0000003a47600000)]
  0x0000020bc70e65a0 JavaThread "parallel-15" daemon [_thread_blocked, id=15344, stack(0x0000003a47600000,0x0000003a47700000)]
  0x0000020bc7601730 JavaThread "pool-9-thread-1" [_thread_blocked, id=8640, stack(0x0000003a47f00000,0x0000003a48000000)]
  0x0000020bc7601220 JavaThread "pool-9-thread-2" [_thread_blocked, id=5740, stack(0x0000003a48000000,0x0000003a48100000)]
  0x0000020bc7607250 JavaThread "pool-9-thread-3" [_thread_blocked, id=31492, stack(0x0000003a48100000,0x0000003a48200000)]
  0x0000020bc7605e10 JavaThread "pool-7-thread-1" [_thread_blocked, id=28748, stack(0x0000003a48200000,0x0000003a48300000)]
  0x0000020bc7604ee0 JavaThread "RMI Scheduler(0)" daemon [_thread_blocked, id=16292, stack(0x0000003a48500000,0x0000003a48600000)]
  0x0000020bc7603aa0 JavaThread "pool-7-thread-2" [_thread_blocked, id=4888, stack(0x0000003a48700000,0x0000003a48800000)]
  0x0000020bc7600800 JavaThread "pool-7-thread-3" [_thread_blocked, id=33412, stack(0x0000003a48800000,0x0000003a48900000)]
  0x0000020bc7602660 JavaThread "pool-7-thread-4" [_thread_blocked, id=6312, stack(0x0000003a48900000,0x0000003a48a00000)]
  0x0000020bc75ff8d0 JavaThread "parallel-16" daemon [_thread_blocked, id=32988, stack(0x0000003a47900000,0x0000003a47a00000)]
  0x0000020bc7602150 JavaThread "parallel-17" daemon [_thread_blocked, id=26372, stack(0x0000003a46c00000,0x0000003a46d00000)]
  0x0000020bc7606d40 JavaThread "parallel-18" daemon [_thread_blocked, id=3360, stack(0x0000003a47a00000,0x0000003a47b00000)]
  0x0000020bc75ffde0 JavaThread "parallel-19" daemon [_thread_blocked, id=33844, stack(0x0000003a44d00000,0x0000003a44e00000)]
  0x0000020bc7601c40 JavaThread "parallel-20" daemon [_thread_blocked, id=33924, stack(0x0000003a46100000,0x0000003a46200000)]

Other Threads:
=>0x0000020bc09e9a30 VMThread "VM Thread" [stack: 0x0000003a44300000,0x0000003a44400000] [id=22256]
  0x0000020bc509ac70 WatcherThread [stack: 0x0000003a44f00000,0x0000003a45000000] [id=15308]
  0x0000020bb4a3c460 GCTaskThread "GC Thread#0" [stack: 0x0000003a43e00000,0x0000003a43f00000] [id=2252]
  0x0000020bc5be2ae0 GCTaskThread "GC Thread#1" [stack: 0x0000003a45200000,0x0000003a45300000] [id=17136]
  0x0000020bc5dac050 GCTaskThread "GC Thread#2" [stack: 0x0000003a45300000,0x0000003a45400000] [id=25908]
  0x0000020bc5dac310 GCTaskThread "GC Thread#3" [stack: 0x0000003a45400000,0x0000003a45500000] [id=7964]
  0x0000020bc5dac5d0 GCTaskThread "GC Thread#4" [stack: 0x0000003a45500000,0x0000003a45600000] [id=33696]
  0x0000020bc5dac890 GCTaskThread "GC Thread#5" [stack: 0x0000003a45600000,0x0000003a45700000] [id=13772]
  0x0000020bc5dacb50 GCTaskThread "GC Thread#6" [stack: 0x0000003a45700000,0x0000003a45800000] [id=17148]
  0x0000020bc5dace10 GCTaskThread "GC Thread#7" [stack: 0x0000003a45800000,0x0000003a45900000] [id=12480]
  0x0000020bc5dad0d0 GCTaskThread "GC Thread#8" [stack: 0x0000003a45900000,0x0000003a45a00000] [id=9476]
  0x0000020bc5dad390 GCTaskThread "GC Thread#9" [stack: 0x0000003a45a00000,0x0000003a45b00000] [id=6892]
  0x0000020bc5dad650 GCTaskThread "GC Thread#10" [stack: 0x0000003a45b00000,0x0000003a45c00000] [id=24664]
  0x0000020bc5dad910 GCTaskThread "GC Thread#11" [stack: 0x0000003a45c00000,0x0000003a45d00000] [id=15704]
  0x0000020bc5dadbd0 GCTaskThread "GC Thread#12" [stack: 0x0000003a45d00000,0x0000003a45e00000] [id=15208]
  0x0000020bc5dade90 GCTaskThread "GC Thread#13" [stack: 0x0000003a45e00000,0x0000003a45f00000] [id=24692]
  0x0000020bc5daf220 GCTaskThread "GC Thread#14" [stack: 0x0000003a45f00000,0x0000003a46000000] [id=7528]
  0x0000020bb4a451c0 ConcurrentGCThread "G1 Main Marker" [stack: 0x0000003a43f00000,0x0000003a44000000] [id=5808]
  0x0000020bb4a459f0 ConcurrentGCThread "G1 Conc#0" [stack: 0x0000003a44000000,0x0000003a44100000] [id=7172]
  0x0000020bc5daef60 ConcurrentGCThread "G1 Conc#1" [stack: 0x0000003a46500000,0x0000003a46600000] [id=32208]
  0x0000020bc5dafd20 ConcurrentGCThread "G1 Conc#2" [stack: 0x0000003a46600000,0x0000003a46700000] [id=31220]
  0x0000020bc5dafa60 ConcurrentGCThread "G1 Conc#3" [stack: 0x0000003a46700000,0x0000003a46800000] [id=13276]
  0x0000020bc067a4b0 ConcurrentGCThread "G1 Refine#0" [stack: 0x0000003a44100000,0x0000003a44200000] [id=1804]
  0x0000020bc067ab90 ConcurrentGCThread "G1 Service" [stack: 0x0000003a44200000,0x0000003a44300000] [id=7828]

Threads with active compile tasks:

VM state: at safepoint (normal execution)

VM Mutex/Monitor currently owned by a thread:  ([mutex/lock_event])
[0x0000020bb2683f60] Threads_lock - owner thread: 0x0000020bc09e9a30
[0x0000020bb49f9470] Heap_lock - owner thread: 0x0000020bc65a2650

Heap address: 0x00000000c0000000, size: 1024 MB, Compressed Oops mode: 32-bit

CDS archive(s) not mapped
Compressed class space mapped at: 0x0000000100000000-0x0000000140000000, reserved size: 1073741824
Narrow klass base: 0x0000000000000000, Narrow klass shift: 3, Narrow klass range: 0x140000000

GC Precious Log:
 CPUs: 20 total, 20 available
 Memory: 65277M
 Large Page Support: Disabled
 NUMA Support: Disabled
 Compressed Oops: Enabled (32-bit)
 Heap Region Size: 1M
 Heap Min Capacity: 8M
 Heap Initial Capacity: 1020M
 Heap Max Capacity: 1G
 Pre-touch: Disabled
 Parallel Workers: 15
 Concurrent Workers: 4
 Concurrent Refinement Workers: 15
 Periodic GC: Disabled

Heap:
 garbage-first heap   total 96256K, used 34507K [0x00000000c0000000, 0x0000000100000000)
  region size 1024K, 1 young (1024K), 0 survivors (0K)
 Metaspace       used 60107K, committed 60672K, reserved 1114112K
  class space    used 7523K, committed 7808K, reserved 1048576K

Heap Regions: E=young(eden), S=young(survivor), O=old, HS=humongous(starts), HC=humongous(continues), CS=collection set, F=free, OA=open archive, CA=closed archive, TAMS=top-at-mark-start (previous, next)
|   0|0x00000000c0000000, 0x00000000c0100000, 0x00000000c0100000|100%|HS|  |TAMS 0x00000000c0100000, 0x00000000c0000000| Untracked 
|   1|0x00000000c0100000, 0x00000000c0200000, 0x00000000c0200000|100%|HC|  |TAMS 0x00000000c0200000, 0x00000000c0100000| Untracked 
|   2|0x00000000c0200000, 0x00000000c0300000, 0x00000000c0300000|100%|HC|  |TAMS 0x00000000c0300000, 0x00000000c0200000| Untracked 
|   3|0x00000000c0300000, 0x00000000c0400000, 0x00000000c0400000|100%|HC|  |TAMS 0x00000000c0400000, 0x00000000c0300000| Untracked 
|   4|0x00000000c0400000, 0x00000000c04ffff8, 0x00000000c0500000| 99%| O|  |TAMS 0x00000000c04ffff8, 0x00000000c0400000| Untracked 
|   5|0x00000000c0500000, 0x00000000c0600000, 0x00000000c0600000|100%| O|  |TAMS 0x00000000c0600000, 0x00000000c0500000| Untracked 
|   6|0x00000000c0600000, 0x00000000c0700000, 0x00000000c0700000|100%| O|  |TAMS 0x00000000c0700000, 0x00000000c0600000| Untracked 
|   7|0x00000000c0700000, 0x00000000c07f4bd0, 0x00000000c0800000| 95%| O|  |TAMS 0x00000000c07f4bd0, 0x00000000c0700000| Untracked 
|   8|0x00000000c0800000, 0x00000000c08fffe8, 0x00000000c0900000| 99%| O|  |TAMS 0x00000000c08fffe8, 0x00000000c0800000| Untracked 
|   9|0x00000000c0900000, 0x00000000c0a00000, 0x00000000c0a00000|100%| O|  |TAMS 0x00000000c0a00000, 0x00000000c0900000| Untracked 
|  10|0x00000000c0a00000, 0x00000000c0affff0, 0x00000000c0b00000| 99%| O|  |TAMS 0x00000000c0affff0, 0x00000000c0a00000| Untracked 
|  11|0x00000000c0b00000, 0x00000000c0c00000, 0x00000000c0c00000|100%| O|  |TAMS 0x00000000c0c00000, 0x00000000c0b00000| Untracked 
|  12|0x00000000c0c00000, 0x00000000c0cfffd0, 0x00000000c0d00000| 99%| O|  |TAMS 0x00000000c0cfffd0, 0x00000000c0c00000| Untracked 
|  13|0x00000000c0d00000, 0x00000000c0e00000, 0x00000000c0e00000|100%| O|  |TAMS 0x00000000c0e00000, 0x00000000c0d00000| Untracked 
|  14|0x00000000c0e00000, 0x00000000c0effff8, 0x00000000c0f00000| 99%| O|  |TAMS 0x00000000c0effff8, 0x00000000c0e00000| Untracked 
|  15|0x00000000c0f00000, 0x00000000c0fffff8, 0x00000000c1000000| 99%| O|  |TAMS 0x00000000c0fffff8, 0x00000000c0f00000| Untracked 
|  16|0x00000000c1000000, 0x00000000c10ffff0, 0x00000000c1100000| 99%| O|  |TAMS 0x00000000c10ffff0, 0x00000000c1000000| Untracked 
|  17|0x00000000c1100000, 0x00000000c11fffc8, 0x00000000c1200000| 99%| O|  |TAMS 0x00000000c11fffc8, 0x00000000c1100000| Untracked 
|  18|0x00000000c1200000, 0x00000000c12ffcf0, 0x00000000c1300000| 99%| O|  |TAMS 0x00000000c12ffcf0, 0x00000000c1200000| Untracked 
|  19|0x00000000c1300000, 0x00000000c13fffe0, 0x00000000c1400000| 99%| O|  |TAMS 0x00000000c13fffe0, 0x00000000c1300000| Untracked 
|  20|0x00000000c1400000, 0x00000000c14ffff0, 0x00000000c1500000| 99%| O|  |TAMS 0x00000000c14ffff0, 0x00000000c1400000| Untracked 
|  21|0x00000000c1500000, 0x00000000c15ffff0, 0x00000000c1600000| 99%| O|  |TAMS 0x00000000c15ffff0, 0x00000000c1500000| Untracked 
|  22|0x00000000c1600000, 0x00000000c16fffe8, 0x00000000c1700000| 99%| O|  |TAMS 0x00000000c16fffe8, 0x00000000c1600000| Untracked 
|  23|0x00000000c1700000, 0x00000000c17ffff8, 0x00000000c1800000| 99%| O|  |TAMS 0x00000000c17ffff8, 0x00000000c1700000| Untracked 
|  24|0x00000000c1800000, 0x00000000c18fffe8, 0x00000000c1900000| 99%| O|  |TAMS 0x00000000c18fffe8, 0x00000000c1800000| Untracked 
|  25|0x00000000c1900000, 0x00000000c19ffd70, 0x00000000c1a00000| 99%| O|  |TAMS 0x00000000c19ffd70, 0x00000000c1900000| Untracked 
|  26|0x00000000c1a00000, 0x00000000c1affff0, 0x00000000c1b00000| 99%| O|  |TAMS 0x00000000c1affff0, 0x00000000c1a00000| Untracked 
|  27|0x00000000c1b00000, 0x00000000c1bfffb8, 0x00000000c1c00000| 99%| O|  |TAMS 0x00000000c1bfffb8, 0x00000000c1b00000| Untracked 
|  28|0x00000000c1c00000, 0x00000000c1cd6088, 0x00000000c1d00000| 83%| O|  |TAMS 0x00000000c1c00000, 0x00000000c1c00000| Untracked 
|  29|0x00000000c1d00000, 0x00000000c1e00000, 0x00000000c1e00000|100%|HS|  |TAMS 0x00000000c1e00000, 0x00000000c1d00000| Untracked 
|  30|0x00000000c1e00000, 0x00000000c1effff0, 0x00000000c1f00000| 99%| O|  |TAMS 0x00000000c1effff0, 0x00000000c1e00000| Untracked 
|  31|0x00000000c1f00000, 0x00000000c1fe86e0, 0x00000000c2000000| 90%| O|  |TAMS 0x00000000c1f00000, 0x00000000c1f00000| Untracked 
|  32|0x00000000c2000000, 0x00000000c2000000, 0x00000000c2100000|  0%| F|  |TAMS 0x00000000c2000000, 0x00000000c2000000| Untracked 
|  33|0x00000000c2100000, 0x00000000c2100000, 0x00000000c2200000|  0%| F|  |TAMS 0x00000000c2100000, 0x00000000c2100000| Untracked 
|  34|0x00000000c2200000, 0x00000000c2200000, 0x00000000c2300000|  0%| F|  |TAMS 0x00000000c2200000, 0x00000000c2200000| Untracked 
|  35|0x00000000c2300000, 0x00000000c2300000, 0x00000000c2400000|  0%| F|  |TAMS 0x00000000c2300000, 0x00000000c2300000| Untracked 
|  36|0x00000000c2400000, 0x00000000c2400000, 0x00000000c2500000|  0%| F|  |TAMS 0x00000000c2400000, 0x00000000c2400000| Untracked 
|  37|0x00000000c2500000, 0x00000000c2500000, 0x00000000c2600000|  0%| F|  |TAMS 0x00000000c2500000, 0x00000000c2500000| Untracked 
|  38|0x00000000c2600000, 0x00000000c2600000, 0x00000000c2700000|  0%| F|  |TAMS 0x00000000c2600000, 0x00000000c2600000| Untracked 
|  39|0x00000000c2700000, 0x00000000c2700000, 0x00000000c2800000|  0%| F|  |TAMS 0x00000000c2700000, 0x00000000c2700000| Untracked 
|  40|0x00000000c2800000, 0x00000000c2800000, 0x00000000c2900000|  0%| F|  |TAMS 0x00000000c2800000, 0x00000000c2800000| Untracked 
|  41|0x00000000c2900000, 0x00000000c2900000, 0x00000000c2a00000|  0%| F|  |TAMS 0x00000000c2900000, 0x00000000c2900000| Untracked 
|  42|0x00000000c2a00000, 0x00000000c2a00000, 0x00000000c2b00000|  0%| F|  |TAMS 0x00000000c2a00000, 0x00000000c2a00000| Untracked 
|  43|0x00000000c2b00000, 0x00000000c2b00000, 0x00000000c2c00000|  0%| F|  |TAMS 0x00000000c2b00000, 0x00000000c2b00000| Untracked 
|  44|0x00000000c2c00000, 0x00000000c2c00000, 0x00000000c2d00000|  0%| F|  |TAMS 0x00000000c2c00000, 0x00000000c2c00000| Untracked 
|  45|0x00000000c2d00000, 0x00000000c2d00000, 0x00000000c2e00000|  0%| F|  |TAMS 0x00000000c2d00000, 0x00000000c2d00000| Untracked 
|  46|0x00000000c2e00000, 0x00000000c2e00000, 0x00000000c2f00000|  0%| F|  |TAMS 0x00000000c2e00000, 0x00000000c2e00000| Untracked 
|  47|0x00000000c2f00000, 0x00000000c2f00000, 0x00000000c3000000|  0%| F|  |TAMS 0x00000000c2f00000, 0x00000000c2f00000| Untracked 
|  48|0x00000000c3000000, 0x00000000c3000000, 0x00000000c3100000|  0%| F|  |TAMS 0x00000000c3000000, 0x00000000c3000000| Untracked 
|  49|0x00000000c3100000, 0x00000000c3100000, 0x00000000c3200000|  0%| F|  |TAMS 0x00000000c3100000, 0x00000000c3100000| Untracked 
|  50|0x00000000c3200000, 0x00000000c3200000, 0x00000000c3300000|  0%| F|  |TAMS 0x00000000c3200000, 0x00000000c3200000| Untracked 
|  51|0x00000000c3300000, 0x00000000c3300000, 0x00000000c3400000|  0%| F|  |TAMS 0x00000000c3300000, 0x00000000c3300000| Untracked 
|  52|0x00000000c3400000, 0x00000000c3400000, 0x00000000c3500000|  0%| F|  |TAMS 0x00000000c3400000, 0x00000000c3400000| Untracked 
|  53|0x00000000c3500000, 0x00000000c3500000, 0x00000000c3600000|  0%| F|  |TAMS 0x00000000c3500000, 0x00000000c3500000| Untracked 
|  54|0x00000000c3600000, 0x00000000c3600000, 0x00000000c3700000|  0%| F|  |TAMS 0x00000000c3600000, 0x00000000c3600000| Untracked 
|  55|0x00000000c3700000, 0x00000000c3700000, 0x00000000c3800000|  0%| F|  |TAMS 0x00000000c3700000, 0x00000000c3700000| Untracked 
|  56|0x00000000c3800000, 0x00000000c3800000, 0x00000000c3900000|  0%| F|  |TAMS 0x00000000c3800000, 0x00000000c3800000| Untracked 
|  57|0x00000000c3900000, 0x00000000c3900000, 0x00000000c3a00000|  0%| F|  |TAMS 0x00000000c3900000, 0x00000000c3900000| Untracked 
|  58|0x00000000c3a00000, 0x00000000c3a00000, 0x00000000c3b00000|  0%| F|  |TAMS 0x00000000c3a00000, 0x00000000c3a00000| Untracked 
|  59|0x00000000c3b00000, 0x00000000c3b00000, 0x00000000c3c00000|  0%| F|  |TAMS 0x00000000c3b00000, 0x00000000c3b00000| Untracked 
|  60|0x00000000c3c00000, 0x00000000c3c00000, 0x00000000c3d00000|  0%| F|  |TAMS 0x00000000c3c00000, 0x00000000c3c00000| Untracked 
|  61|0x00000000c3d00000, 0x00000000c3d00000, 0x00000000c3e00000|  0%| F|  |TAMS 0x00000000c3d00000, 0x00000000c3d00000| Untracked 
|  62|0x00000000c3e00000, 0x00000000c3e00000, 0x00000000c3f00000|  0%| F|  |TAMS 0x00000000c3e00000, 0x00000000c3e00000| Untracked 
|  63|0x00000000c3f00000, 0x00000000c3f00000, 0x00000000c4000000|  0%| F|  |TAMS 0x00000000c3f00000, 0x00000000c3f00000| Untracked 
|  64|0x00000000c4000000, 0x00000000c4000000, 0x00000000c4100000|  0%| F|  |TAMS 0x00000000c4000000, 0x00000000c4000000| Untracked 
|  65|0x00000000c4100000, 0x00000000c4100000, 0x00000000c4200000|  0%| F|  |TAMS 0x00000000c4100000, 0x00000000c4100000| Untracked 
|  66|0x00000000c4200000, 0x00000000c4200000, 0x00000000c4300000|  0%| F|  |TAMS 0x00000000c4200000, 0x00000000c4200000| Untracked 
|  67|0x00000000c4300000, 0x00000000c4300000, 0x00000000c4400000|  0%| F|  |TAMS 0x00000000c4300000, 0x00000000c4300000| Untracked 
|  68|0x00000000c4400000, 0x00000000c4400000, 0x00000000c4500000|  0%| F|  |TAMS 0x00000000c4400000, 0x00000000c4400000| Untracked 
|  69|0x00000000c4500000, 0x00000000c4500000, 0x00000000c4600000|  0%| F|  |TAMS 0x00000000c4500000, 0x00000000c4500000| Untracked 
|  70|0x00000000c4600000, 0x00000000c4600000, 0x00000000c4700000|  0%| F|  |TAMS 0x00000000c4600000, 0x00000000c4600000| Untracked 
|  71|0x00000000c4700000, 0x00000000c4700000, 0x00000000c4800000|  0%| F|  |TAMS 0x00000000c4700000, 0x00000000c4700000| Untracked 
|  72|0x00000000c4800000, 0x00000000c4800000, 0x00000000c4900000|  0%| F|  |TAMS 0x00000000c4800000, 0x00000000c4800000| Untracked 
|  73|0x00000000c4900000, 0x00000000c4900000, 0x00000000c4a00000|  0%| F|  |TAMS 0x00000000c4900000, 0x00000000c4900000| Untracked 
|  74|0x00000000c4a00000, 0x00000000c4a00000, 0x00000000c4b00000|  0%| F|  |TAMS 0x00000000c4a00000, 0x00000000c4a00000| Untracked 
|  75|0x00000000c4b00000, 0x00000000c4b00000, 0x00000000c4c00000|  0%| F|  |TAMS 0x00000000c4b00000, 0x00000000c4b00000| Untracked 
|  76|0x00000000c4c00000, 0x00000000c4c00000, 0x00000000c4d00000|  0%| F|  |TAMS 0x00000000c4c00000, 0x00000000c4c00000| Untracked 
|  77|0x00000000c4d00000, 0x00000000c4d00000, 0x00000000c4e00000|  0%| F|  |TAMS 0x00000000c4d00000, 0x00000000c4d00000| Untracked 
|  78|0x00000000c4e00000, 0x00000000c4e00000, 0x00000000c4f00000|  0%| F|  |TAMS 0x00000000c4e00000, 0x00000000c4e00000| Untracked 
|  79|0x00000000c4f00000, 0x00000000c4f00000, 0x00000000c5000000|  0%| F|  |TAMS 0x00000000c4f00000, 0x00000000c4f00000| Untracked 
|  80|0x00000000c5000000, 0x00000000c5000000, 0x00000000c5100000|  0%| F|  |TAMS 0x00000000c5000000, 0x00000000c5000000| Untracked 
|  81|0x00000000c5100000, 0x00000000c5100000, 0x00000000c5200000|  0%| F|  |TAMS 0x00000000c5100000, 0x00000000c5100000| Untracked 
|  82|0x00000000c5200000, 0x00000000c5200000, 0x00000000c5300000|  0%| F|  |TAMS 0x00000000c5200000, 0x00000000c5200000| Untracked 
|  83|0x00000000c5300000, 0x00000000c5300000, 0x00000000c5400000|  0%| F|  |TAMS 0x00000000c5300000, 0x00000000c5300000| Untracked 
|  84|0x00000000c5400000, 0x00000000c5400000, 0x00000000c5500000|  0%| F|  |TAMS 0x00000000c5400000, 0x00000000c5400000| Untracked 
|  85|0x00000000c5500000, 0x00000000c5500000, 0x00000000c5600000|  0%| F|  |TAMS 0x00000000c5500000, 0x00000000c5500000| Untracked 
|  86|0x00000000c5600000, 0x00000000c5600000, 0x00000000c5700000|  0%| F|  |TAMS 0x00000000c5600000, 0x00000000c5600000| Untracked 
|  87|0x00000000c5700000, 0x00000000c5700000, 0x00000000c5800000|  0%| F|  |TAMS 0x00000000c5700000, 0x00000000c5700000| Untracked 
|  88|0x00000000c5800000, 0x00000000c5800000, 0x00000000c5900000|  0%| F|  |TAMS 0x00000000c5800000, 0x00000000c5800000| Untracked 
|  89|0x00000000c5900000, 0x00000000c5900000, 0x00000000c5a00000|  0%| F|  |TAMS 0x00000000c5900000, 0x00000000c5900000| Untracked 
|  90|0x00000000c5a00000, 0x00000000c5b00000, 0x00000000c5b00000|100%| O|  |TAMS 0x00000000c5b00000, 0x00000000c5a00000| Untracked 
|  91|0x00000000c5b00000, 0x00000000c5c00000, 0x00000000c5c00000|100%| O|  |TAMS 0x00000000c5c00000, 0x00000000c5b00000| Untracked 
|  92|0x00000000c5c00000, 0x00000000c5c00000, 0x00000000c5d00000|  0%| F|  |TAMS 0x00000000c5c00000, 0x00000000c5c00000| Untracked 
|  93|0x00000000c5d00000, 0x00000000c5d058a8, 0x00000000c5e00000|  2%| E|  |TAMS 0x00000000c5d00000, 0x00000000c5d00000| Complete 

Card table byte_map: [0x0000020bbb120000,0x0000020bbb320000] _byte_map_base: 0x0000020bbab20000

Marking Bits (Prev, Next): (CMBitMap*) 0x0000020bb4a3c890, (CMBitMap*) 0x0000020bb4a3c8d0
 Prev Bits: [0x0000020bbb520000, 0x0000020bbc520000)
 Next Bits: [0x0000020bbc520000, 0x0000020bbd520000)

Polling page: 0x0000020bb41b0000

Metaspace:

Usage:
  Non-class:     51.35 MB used.
      Class:      7.35 MB used.
       Both:     58.70 MB used.

Virtual space:
  Non-class space:       64.00 MB reserved,      51.62 MB ( 81%) committed,  1 nodes.
      Class space:        1.00 GB reserved,       7.62 MB ( <1%) committed,  1 nodes.
             Both:        1.06 GB reserved,      59.25 MB (  5%) committed. 

Chunk freelists:
   Non-Class:  12.03 MB
       Class:  8.45 MB
        Both:  20.48 MB

MaxMetaspaceSize: unlimited
CompressedClassSpaceSize: 1.00 GB
Initial GC threshold: 21.00 MB
Current GC threshold: 98.75 MB
CDS: off
MetaspaceReclaimPolicy: balanced
 - commit_granule_bytes: 65536.
 - commit_granule_words: 8192.
 - virtual_space_node_default_size: 8388608.
 - enlarge_chunks_in_place: 1.
 - new_chunks_are_fully_committed: 0.
 - uncommit_free_chunks: 1.
 - use_allocation_guard: 0.
 - handle_deallocations: 1.


Internal statistics:

num_allocs_failed_limit: 6.
num_arena_births: 1102.
num_arena_deaths: 550.
num_vsnodes_births: 2.
num_vsnodes_deaths: 0.
num_space_committed: 949.
num_space_uncommitted: 1.
num_chunks_returned_to_freelist: 709.
num_chunks_taken_from_freelist: 3233.
num_chunk_merges: 255.
num_chunk_splits: 2012.
num_chunks_enlarged: 1391.
num_inconsistent_stats: 0.

CodeCache: size=49152Kb used=18410Kb max_used=19823Kb free=30741Kb
 bounds [0x0000020bb7690000, 0x0000020bb8a70000, 0x0000020bba690000]
 total_blobs=10256 nmethods=9578 adapters=604
 compilation: enabled
              stopped_count=0, restarted_count=0
 full_count=0

Compilation events (20 events):
Event: 172850.243 Thread 0x0000020bc0a3da20 9569       1       com.google.gson.internal.bind.JsonTreeWriter::name (61 bytes)
Event: 172850.243 Thread 0x0000020bc0a3da20 nmethod 9569 0x0000020bb852e290 code [0x0000020bb852e480, 0x0000020bb852e878]
Event: 172850.243 Thread 0x0000020bc0a3da20 9570       1       com.google.gson.internal.bind.JsonTreeWriter::value (23 bytes)
Event: 172850.243 Thread 0x0000020bc0a3da20 nmethod 9570 0x0000020bb852dc90 code [0x0000020bb852de60, 0x0000020bb852e108]
Event: 174742.249 Thread 0x0000020bc0a3da20 9571 %     1       org.eclipse.jdt.internal.compiler.util.CharDeduplication::init @ 22 (62 bytes)
Event: 174742.249 Thread 0x0000020bc0a3da20 nmethod 9571% 0x0000020bb852d510 code [0x0000020bb852d6c0, 0x0000020bb852da38]
Event: 174742.252 Thread 0x0000020bc0a3da20 9572       1       org.eclipse.jdt.core.dom.DefaultASTVisitor::visit (6 bytes)
Event: 174742.252 Thread 0x0000020bc0a3da20 nmethod 9572 0x0000020bb852d210 code [0x0000020bb852d3a0, 0x0000020bb852d488]
Event: 174742.252 Thread 0x0000020bc0a3da20 9573       1       org.eclipse.jdt.core.dom.DefaultASTVisitor::endVisit (6 bytes)
Event: 174742.252 Thread 0x0000020bc0a3da20 nmethod 9573 0x0000020bb852cf10 code [0x0000020bb852d0a0, 0x0000020bb852d188]
Event: 178912.474 Thread 0x0000020bc0a3da20 9574       1       org.eclipse.jdt.internal.compiler.util.CharDeduplication::init (62 bytes)
Event: 178912.474 Thread 0x0000020bc0a3da20 nmethod 9574 0x0000020bb852c810 code [0x0000020bb852c9c0, 0x0000020bb852ccb8]
Event: 178912.479 Thread 0x0000020bc0a3da20 9575       1       org.eclipse.jdt.internal.compiler.lookup.TypeVariableBinding::boundCheck (76 bytes)
Event: 178912.479 Thread 0x0000020bc0a3da20 nmethod 9575 0x0000020bb852c190 code [0x0000020bb852c360, 0x0000020bb852c628]
Event: 178912.479 Thread 0x0000020bc0a3da20 9576       1       org.eclipse.jdt.internal.compiler.lookup.TypeVariableBinding::internalBoundCheck (1025 bytes)
Event: 178912.481 Thread 0x0000020bc0a3da20 nmethod 9576 0x0000020bb8529110 code [0x0000020bb8529620, 0x0000020bb852b1a8]
Event: 178912.481 Thread 0x0000020bc0a3da20 9577       1       org.eclipse.jdt.internal.compiler.lookup.TypeConstants$BoundCheckStatus::isOKbyJLS (36 bytes)
Event: 178912.481 Thread 0x0000020bc0a3da20 nmethod 9577 0x0000020bb8528d10 code [0x0000020bb8528ec0, 0x0000020bb8529028]
Event: 178912.481 Thread 0x0000020bc0a3da20 9578   !   1       org.eclipse.jdt.internal.compiler.lookup.TypeConstants$BoundCheckStatus::$SWITCH_TABLE$org$eclipse$jdt$internal$compiler$lookup$TypeConstants$BoundCheckStatus (74 bytes)
Event: 178912.481 Thread 0x0000020bc0a3da20 nmethod 9578 0x0000020bb8528610 code [0x0000020bb85287c0, 0x0000020bb8528ba8]

GC Heap History (20 events):
Event: 179947.323 GC heap before
{Heap before GC invocations=11031 (full 10976):
 garbage-first heap   total 96256K, used 34507K [0x00000000c0000000, 0x0000000100000000)
  region size 1024K, 1 young (1024K), 0 survivors (0K)
 Metaspace       used 60107K, committed 60672K, reserved 1114112K
  class space    used 7523K, committed 7808K, reserved 1048576K
}
Event: 179947.340 GC heap after
{Heap after GC invocations=11032 (full 10977):
 garbage-first heap   total 96256K, used 34507K [0x00000000c0000000, 0x0000000100000000)
  region size 1024K, 0 young (0K), 0 survivors (0K)
 Metaspace       used 60107K, committed 60672K, reserved 1114112K
  class space    used 7523K, committed 7808K, reserved 1048576K
}
Event: 179957.433 GC heap before
{Heap before GC invocations=11032 (full 10977):
 garbage-first heap   total 96256K, used 34507K [0x00000000c0000000, 0x0000000100000000)
  region size 1024K, 1 young (1024K), 0 survivors (0K)
 Metaspace       used 60107K, committed 60672K, reserved 1114112K
  class space    used 7523K, committed 7808K, reserved 1048576K
}
Event: 179957.451 GC heap after
{Heap after GC invocations=11033 (full 10978):
 garbage-first heap   total 96256K, used 34507K [0x00000000c0000000, 0x0000000100000000)
  region size 1024K, 0 young (0K), 0 survivors (0K)
 Metaspace       used 60107K, committed 60672K, reserved 1114112K
  class space    used 7523K, committed 7808K, reserved 1048576K
}
Event: 179967.544 GC heap before
{Heap before GC invocations=11033 (full 10978):
 garbage-first heap   total 96256K, used 34507K [0x00000000c0000000, 0x0000000100000000)
  region size 1024K, 1 young (1024K), 0 survivors (0K)
 Metaspace       used 60107K, committed 60672K, reserved 1114112K
  class space    used 7523K, committed 7808K, reserved 1048576K
}
Event: 179967.562 GC heap after
{Heap after GC invocations=11034 (full 10979):
 garbage-first heap   total 96256K, used 34507K [0x00000000c0000000, 0x0000000100000000)
  region size 1024K, 0 young (0K), 0 survivors (0K)
 Metaspace       used 60107K, committed 60672K, reserved 1114112K
  class space    used 7523K, committed 7808K, reserved 1048576K
}
Event: 179977.657 GC heap before
{Heap before GC invocations=11034 (full 10979):
 garbage-first heap   total 96256K, used 34507K [0x00000000c0000000, 0x0000000100000000)
  region size 1024K, 1 young (1024K), 0 survivors (0K)
 Metaspace       used 60107K, committed 60672K, reserved 1114112K
  class space    used 7523K, committed 7808K, reserved 1048576K
}
Event: 179977.675 GC heap after
{Heap after GC invocations=11035 (full 10980):
 garbage-first heap   total 96256K, used 34507K [0x00000000c0000000, 0x0000000100000000)
  region size 1024K, 0 young (0K), 0 survivors (0K)
 Metaspace       used 60107K, committed 60672K, reserved 1114112K
  class space    used 7523K, committed 7808K, reserved 1048576K
}
Event: 179987.764 GC heap before
{Heap before GC invocations=11035 (full 10980):
 garbage-first heap   total 96256K, used 34507K [0x00000000c0000000, 0x0000000100000000)
  region size 1024K, 1 young (1024K), 0 survivors (0K)
 Metaspace       used 60107K, committed 60672K, reserved 1114112K
  class space    used 7523K, committed 7808K, reserved 1048576K
}
Event: 179987.782 GC heap after
{Heap after GC invocations=11036 (full 10981):
 garbage-first heap   total 96256K, used 34507K [0x00000000c0000000, 0x0000000100000000)
  region size 1024K, 0 young (0K), 0 survivors (0K)
 Metaspace       used 60107K, committed 60672K, reserved 1114112K
  class space    used 7523K, committed 7808K, reserved 1048576K
}
Event: 179997.876 GC heap before
{Heap before GC invocations=11036 (full 10981):
 garbage-first heap   total 96256K, used 34507K [0x00000000c0000000, 0x0000000100000000)
  region size 1024K, 1 young (1024K), 0 survivors (0K)
 Metaspace       used 60107K, committed 60672K, reserved 1114112K
  class space    used 7523K, committed 7808K, reserved 1048576K
}
Event: 179997.893 GC heap after
{Heap after GC invocations=11037 (full 10982):
 garbage-first heap   total 96256K, used 34507K [0x00000000c0000000, 0x0000000100000000)
  region size 1024K, 0 young (0K), 0 survivors (0K)
 Metaspace       used 60107K, committed 60672K, reserved 1114112K
  class space    used 7523K, committed 7808K, reserved 1048576K
}
Event: 180007.986 GC heap before
{Heap before GC invocations=11037 (full 10982):
 garbage-first heap   total 96256K, used 34507K [0x00000000c0000000, 0x0000000100000000)
  region size 1024K, 1 young (1024K), 0 survivors (0K)
 Metaspace       used 60107K, committed 60672K, reserved 1114112K
  class space    used 7523K, committed 7808K, reserved 1048576K
}
Event: 180008.005 GC heap after
{Heap after GC invocations=11038 (full 10983):
 garbage-first heap   total 96256K, used 34507K [0x00000000c0000000, 0x0000000100000000)
  region size 1024K, 0 young (0K), 0 survivors (0K)
 Metaspace       used 60107K, committed 60672K, reserved 1114112K
  class space    used 7523K, committed 7808K, reserved 1048576K
}
Event: 180018.096 GC heap before
{Heap before GC invocations=11038 (full 10983):
 garbage-first heap   total 96256K, used 34507K [0x00000000c0000000, 0x0000000100000000)
  region size 1024K, 1 young (1024K), 0 survivors (0K)
 Metaspace       used 60107K, committed 60672K, reserved 1114112K
  class space    used 7523K, committed 7808K, reserved 1048576K
}
Event: 180018.113 GC heap after
{Heap after GC invocations=11039 (full 10984):
 garbage-first heap   total 96256K, used 34507K [0x00000000c0000000, 0x0000000100000000)
  region size 1024K, 0 young (0K), 0 survivors (0K)
 Metaspace       used 60107K, committed 60672K, reserved 1114112K
  class space    used 7523K, committed 7808K, reserved 1048576K
}
Event: 180028.210 GC heap before
{Heap before GC invocations=11039 (full 10984):
 garbage-first heap   total 96256K, used 34507K [0x00000000c0000000, 0x0000000100000000)
  region size 1024K, 1 young (1024K), 0 survivors (0K)
 Metaspace       used 60107K, committed 60672K, reserved 1114112K
  class space    used 7523K, committed 7808K, reserved 1048576K
}
Event: 180028.227 GC heap after
{Heap after GC invocations=11040 (full 10985):
 garbage-first heap   total 96256K, used 34507K [0x00000000c0000000, 0x0000000100000000)
  region size 1024K, 0 young (0K), 0 survivors (0K)
 Metaspace       used 60107K, committed 60672K, reserved 1114112K
  class space    used 7523K, committed 7808K, reserved 1048576K
}
Event: 180038.314 GC heap before
{Heap before GC invocations=11040 (full 10985):
 garbage-first heap   total 96256K, used 34507K [0x00000000c0000000, 0x0000000100000000)
  region size 1024K, 1 young (1024K), 0 survivors (0K)
 Metaspace       used 60107K, committed 60672K, reserved 1114112K
  class space    used 7523K, committed 7808K, reserved 1048576K
}
Event: 180038.331 GC heap after
{Heap after GC invocations=11041 (full 10986):
 garbage-first heap   total 96256K, used 34507K [0x00000000c0000000, 0x0000000100000000)
  region size 1024K, 0 young (0K), 0 survivors (0K)
 Metaspace       used 60107K, committed 60672K, reserved 1114112K
  class space    used 7523K, committed 7808K, reserved 1048576K
}

Dll operation events (11 events):
Event: 0.007 Loaded shared library c:\Users\bryanesteban\.vscode\extensions\redhat.java-1.25.1-win32-x64\jre\17.0.9-win32-x86_64\bin\java.dll
Event: 0.134 Loaded shared library C:\Users\bryanesteban\.vscode\extensions\redhat.java-1.25.1-win32-x64\jre\17.0.9-win32-x86_64\bin\net.dll
Event: 0.136 Loaded shared library C:\Users\bryanesteban\.vscode\extensions\redhat.java-1.25.1-win32-x64\jre\17.0.9-win32-x86_64\bin\nio.dll
Event: 0.145 Loaded shared library C:\Users\bryanesteban\.vscode\extensions\redhat.java-1.25.1-win32-x64\jre\17.0.9-win32-x86_64\bin\zip.dll
Event: 0.414 Loaded shared library C:\Users\bryanesteban\.vscode\extensions\redhat.java-1.25.1-win32-x64\jre\17.0.9-win32-x86_64\bin\jimage.dll
Event: 1.936 Loaded shared library c:\Users\bryanesteban\.vscode\extensions\redhat.java-1.25.1-win32-x64\jre\17.0.9-win32-x86_64\bin\verify.dll
Event: 2.226 Loaded shared library C:\Users\bryanesteban\.vscode\extensions\redhat.java-1.25.1-win32-x64\jre\17.0.9-win32-x86_64\bin\management.dll
Event: 2.229 Loaded shared library C:\Users\bryanesteban\.vscode\extensions\redhat.java-1.25.1-win32-x64\jre\17.0.9-win32-x86_64\bin\management_ext.dll
Event: 3.060 Loaded shared library C:\Users\bryanesteban\.vscode\extensions\redhat.java-1.25.1-win32-x64\jre\17.0.9-win32-x86_64\bin\sunmscapi.dll
Event: 938.892 Loaded shared library C:\Users\bryanesteban\.vscode\extensions\redhat.java-1.25.1-win32-x64\jre\17.0.9-win32-x86_64\bin\attach.dll
Event: 939.043 Loaded shared library C:\Users\bryanesteban\.vscode\extensions\redhat.java-1.25.1-win32-x64\jre\17.0.9-win32-x86_64\bin\rmi.dll

Deoptimization events (20 events):
Event: 2758.677 Thread 0x0000020bc76002f0 DEOPT PACKING pc=0x0000020bb780de4f sp=0x0000003a464fcd70
Event: 2758.677 Thread 0x0000020bc76002f0 DEOPT UNPACKING pc=0x0000020bb76e7143 sp=0x0000003a464fc230 mode 3
Event: 169048.720 Thread 0x0000020bc7602b70 DEOPT PACKING pc=0x0000020bb87a09bb sp=0x0000003a464fe4c0
Event: 169048.720 Thread 0x0000020bc7602b70 DEOPT UNPACKING pc=0x0000020bb76e7143 sp=0x0000003a464fd990 mode 3
Event: 169048.729 Thread 0x0000020bc7602b70 DEOPT PACKING pc=0x0000020bb87d86af sp=0x0000003a464fe0d0
Event: 169048.729 Thread 0x0000020bc7602b70 DEOPT UNPACKING pc=0x0000020bb76e7143 sp=0x0000003a464fd620 mode 3
Event: 170909.865 Thread 0x0000020bc7603080 DEOPT PACKING pc=0x0000020bb86c592b sp=0x0000003a47cfea90
Event: 170909.865 Thread 0x0000020bc7603080 DEOPT UNPACKING pc=0x0000020bb76e7143 sp=0x0000003a47cfdf90 mode 3
Event: 170910.356 Thread 0x0000020bc7603080 DEOPT PACKING pc=0x0000020bb86b7166 sp=0x0000003a47cfe7b0
Event: 170910.356 Thread 0x0000020bc7603080 DEOPT UNPACKING pc=0x0000020bb76e7143 sp=0x0000003a47cfdc70 mode 3
Event: 170915.383 Thread 0x0000020bc7603080 DEOPT PACKING pc=0x0000020bb86ab8d1 sp=0x0000003a47cfec10
Event: 170915.383 Thread 0x0000020bc7603080 DEOPT UNPACKING pc=0x0000020bb76e7143 sp=0x0000003a47cfe0f8 mode 3
Event: 170957.777 Thread 0x0000020bc7603080 DEOPT PACKING pc=0x0000020bb8794e98 sp=0x0000003a47cfea20
Event: 170957.777 Thread 0x0000020bc7603080 DEOPT UNPACKING pc=0x0000020bb76e7143 sp=0x0000003a47cfdf10 mode 3
Event: 171419.840 Thread 0x0000020bc7600d10 DEOPT PACKING pc=0x0000020bb835c93c sp=0x0000003a464fdd00
Event: 171419.840 Thread 0x0000020bc7600d10 DEOPT UNPACKING pc=0x0000020bb76e7143 sp=0x0000003a464fd1e8 mode 0
Event: 172166.579 Thread 0x0000020bc7603080 DEOPT PACKING pc=0x0000020bb83505f4 sp=0x0000003a464fe1b0
Event: 172166.579 Thread 0x0000020bc7603080 DEOPT UNPACKING pc=0x0000020bb76e7143 sp=0x0000003a464fd738 mode 0
Event: 172166.582 Thread 0x0000020bc7603080 DEOPT PACKING pc=0x0000020bb8424911 sp=0x0000003a464fdee0
Event: 172166.582 Thread 0x0000020bc7603080 DEOPT UNPACKING pc=0x0000020bb76e7143 sp=0x0000003a464fd5e0 mode 3

Classes unloaded (20 events):
Event: 172451.859 Thread 0x0000020bc09e9a30 Unloading class 0x0000000100790800 'java/lang/invoke/LambdaForm$MH+0x0000000100790800'
Event: 172451.859 Thread 0x0000020bc09e9a30 Unloading class 0x0000000100790400 'java/lang/invoke/LambdaForm$MH+0x0000000100790400'
Event: 172451.860 Thread 0x0000020bc09e9a30 Unloading class 0x0000000100790000 'java/lang/invoke/LambdaForm$MH+0x0000000100790000'
Event: 172451.860 Thread 0x0000020bc09e9a30 Unloading class 0x000000010078ec00 'java/lang/invoke/LambdaForm$MH+0x000000010078ec00'
Event: 172451.860 Thread 0x0000020bc09e9a30 Unloading class 0x000000010078e800 'java/lang/invoke/LambdaForm$MH+0x000000010078e800'
Event: 172451.860 Thread 0x0000020bc09e9a30 Unloading class 0x000000010078e400 'java/lang/invoke/LambdaForm$MH+0x000000010078e400'
Event: 172451.860 Thread 0x0000020bc09e9a30 Unloading class 0x0000000100780000 'java/lang/invoke/LambdaForm$MH+0x0000000100780000'
Event: 172451.860 Thread 0x0000020bc09e9a30 Unloading class 0x0000000100781400 'java/lang/invoke/LambdaForm$MH+0x0000000100781400'
Event: 172451.860 Thread 0x0000020bc09e9a30 Unloading class 0x0000000100781000 'java/lang/invoke/LambdaForm$MH+0x0000000100781000'
Event: 172451.860 Thread 0x0000020bc09e9a30 Unloading class 0x0000000100782400 'java/lang/invoke/LambdaForm$MH+0x0000000100782400'
Event: 172451.860 Thread 0x0000020bc09e9a30 Unloading class 0x0000000100782800 'java/lang/invoke/LambdaForm$MH+0x0000000100782800'
Event: 172451.860 Thread 0x0000020bc09e9a30 Unloading class 0x0000000100758c00 'java/lang/invoke/LambdaForm$MH+0x0000000100758c00'
Event: 172642.314 Thread 0x0000020bc09e9a30 Unloading class 0x000000010078d800 'jdk/internal/reflect/GeneratedMethodAccessor72'
Event: 172642.314 Thread 0x0000020bc09e9a30 Unloading class 0x000000010078d400 'jdk/internal/reflect/GeneratedConstructorAccessor73'
Event: 172642.314 Thread 0x0000020bc09e9a30 Unloading class 0x000000010078d000 'jdk/internal/reflect/GeneratedMethodAccessor71'
Event: 172642.314 Thread 0x0000020bc09e9a30 Unloading class 0x000000010078cc00 'jdk/internal/reflect/GeneratedConstructorAccessor72'
Event: 172642.314 Thread 0x0000020bc09e9a30 Unloading class 0x000000010078c800 'jdk/internal/reflect/GeneratedMethodAccessor70'
Event: 172642.314 Thread 0x0000020bc09e9a30 Unloading class 0x000000010078c400 'jdk/internal/reflect/GeneratedMethodAccessor69'
Event: 172642.314 Thread 0x0000020bc09e9a30 Unloading class 0x000000010078c000 'jdk/internal/reflect/GeneratedMethodAccessor68'
Event: 172753.009 Thread 0x0000020bc09e9a30 Unloading class 0x0000000100780000 'jdk/internal/reflect/GeneratedConstructorAccessor76'

Classes redefined (0 events):
No events

Internal exceptions (20 events):
Event: 169048.168 Thread 0x0000020bc67a5820 Exception <a 'sun/nio/fs/WindowsException'{0x00000000c4007ef8}> (0x00000000c4007ef8) 
thrown [s\src\hotspot\share\prims\jni.cpp, line 516]
Event: 169048.720 Thread 0x0000020bc7602b70 Implicit null exception at 0x0000020bb879f704 to 0x0000020bb87a09b6
Event: 169048.729 Thread 0x0000020bc7602b70 Implicit null exception at 0x0000020bb87d7f84 to 0x0000020bb87d86aa
Event: 170909.865 Thread 0x0000020bc7603080 Implicit null exception at 0x0000020bb86c5055 to 0x0000020bb86c5926
Event: 170910.356 Thread 0x0000020bc7603080 Implicit null exception at 0x0000020bb86b6eb5 to 0x0000020bb86b7161
Event: 170915.383 Thread 0x0000020bc7603080 Implicit null exception at 0x0000020bb86ab6da to 0x0000020bb86ab8cc
Event: 170957.777 Thread 0x0000020bc7603080 Implicit null exception at 0x0000020bb8794b3a to 0x0000020bb8794e93
Event: 172166.582 Thread 0x0000020bc7603080 Implicit null exception at 0x0000020bb84228c2 to 0x0000020bb842490c
Event: 172478.374 Thread 0x0000020bc67a5820 Exception <a 'sun/nio/fs/WindowsException'{0x00000000c33fc610}> (0x00000000c33fc610) 
thrown [s\src\hotspot\share\prims\jni.cpp, line 516]
Event: 172478.374 Thread 0x0000020bc67a5820 Exception <a 'sun/nio/fs/WindowsException'{0x00000000c33fd0f8}> (0x00000000c33fd0f8) 
thrown [s\src\hotspot\share\prims\jni.cpp, line 516]
Event: 172478.374 Thread 0x0000020bc67a5820 Exception <a 'sun/nio/fs/WindowsException'{0x00000000c33fdb90}> (0x00000000c33fdb90) 
thrown [s\src\hotspot\share\prims\jni.cpp, line 516]
Event: 172478.374 Thread 0x0000020bc67a5820 Exception <a 'sun/nio/fs/WindowsException'{0x00000000c33fe678}> (0x00000000c33fe678) 
thrown [s\src\hotspot\share\prims\jni.cpp, line 516]
Event: 172478.375 Thread 0x0000020bc67a5820 Exception <a 'sun/nio/fs/WindowsException'{0x00000000c33ff228}> (0x00000000c33ff228) 
thrown [s\src\hotspot\share\prims\jni.cpp, line 516]
Event: 172478.375 Thread 0x0000020bc67a5820 Exception <a 'sun/nio/fs/WindowsException'{0x00000000c33ffe48}> (0x00000000c33ffe48) 
thrown [s\src\hotspot\share\prims\jni.cpp, line 516]
Event: 172478.375 Thread 0x0000020bc67a5820 Exception <a 'sun/nio/fs/WindowsException'{0x00000000c3101450}> (0x00000000c3101450) 
thrown [s\src\hotspot\share\prims\jni.cpp, line 516]
Event: 172478.375 Thread 0x0000020bc67a5820 Exception <a 'sun/nio/fs/WindowsException'{0x00000000c3101f38}> (0x00000000c3101f38) 
thrown [s\src\hotspot\share\prims\jni.cpp, line 516]
Event: 172478.375 Thread 0x0000020bc67a5820 Exception <a 'sun/nio/fs/WindowsException'{0x00000000c31029d0}> (0x00000000c31029d0) 
thrown [s\src\hotspot\share\prims\jni.cpp, line 516]
Event: 172478.375 Thread 0x0000020bc67a5820 Exception <a 'sun/nio/fs/WindowsException'{0x00000000c31034b8}> (0x00000000c31034b8) 
thrown [s\src\hotspot\share\prims\jni.cpp, line 516]
Event: 172478.375 Thread 0x0000020bc67a5820 Exception <a 'sun/nio/fs/WindowsException'{0x00000000c3104068}> (0x00000000c3104068) 
thrown [s\src\hotspot\share\prims\jni.cpp, line 516]
Event: 172478.375 Thread 0x0000020bc67a5820 Exception <a 'sun/nio/fs/WindowsException'{0x00000000c3104c88}> (0x00000000c3104c88) 
thrown [s\src\hotspot\share\prims\jni.cpp, line 516]

VM Operations (20 events):
Event: 179947.340 Executing VM operation: G1CollectFull done
Event: 179957.433 Executing VM operation: G1CollectFull
Event: 179957.451 Executing VM operation: G1CollectFull done
Event: 179967.544 Executing VM operation: G1CollectFull
Event: 179967.562 Executing VM operation: G1CollectFull done
Event: 179977.657 Executing VM operation: G1CollectFull
Event: 179977.676 Executing VM operation: G1CollectFull done
Event: 179987.764 Executing VM operation: G1CollectFull
Event: 179987.782 Executing VM operation: G1CollectFull done
Event: 179997.876 Executing VM operation: G1CollectFull
Event: 179997.893 Executing VM operation: G1CollectFull done
Event: 180007.986 Executing VM operation: G1CollectFull
Event: 180008.005 Executing VM operation: G1CollectFull done
Event: 180018.096 Executing VM operation: G1CollectFull
Event: 180018.113 Executing VM operation: G1CollectFull done
Event: 180028.210 Executing VM operation: G1CollectFull
Event: 180028.227 Executing VM operation: G1CollectFull done
Event: 180038.314 Executing VM operation: G1CollectFull
Event: 180038.331 Executing VM operation: G1CollectFull done
Event: 180048.419 Executing VM operation: G1CollectFull

Events (20 events):
Event: 172665.241 Thread 0x0000020bc7603080 Thread added: 0x0000020bc7603080
Event: 172725.299 Thread 0x0000020bc7603080 Thread exited: 0x0000020bc7603080
Event: 172742.823 Thread 0x0000020bc76002f0 Thread exited: 0x0000020bc76002f0
Event: 172763.981 Thread 0x0000020bc7600d10 Thread exited: 0x0000020bc7600d10
Event: 172784.735 Thread 0x0000020bc76002f0 Thread added: 0x0000020bc76002f0
Event: 172784.736 Thread 0x0000020bc7603fb0 Thread added: 0x0000020bc7603fb0
Event: 172785.453 Thread 0x0000020bc7603080 Thread added: 0x0000020bc7603080
Event: 172791.334 Thread 0x0000020bc7603590 Thread added: 0x0000020bc7603590
Event: 172911.154 Thread 0x0000020bc7603590 Thread exited: 0x0000020bc7603590
Event: 172911.320 Thread 0x0000020bc7603080 Thread exited: 0x0000020bc7603080
Event: 172911.350 Thread 0x0000020bc76002f0 Thread exited: 0x0000020bc76002f0
Event: 172911.351 Thread 0x0000020bc7603fb0 Thread exited: 0x0000020bc7603fb0
Event: 174742.247 Thread 0x0000020bc76002f0 Thread added: 0x0000020bc76002f0
Event: 174742.248 Thread 0x0000020bc7603080 Thread added: 0x0000020bc7603080
Event: 174802.260 Thread 0x0000020bc76002f0 Thread exited: 0x0000020bc76002f0
Event: 174802.260 Thread 0x0000020bc7603080 Thread exited: 0x0000020bc7603080
Event: 178912.473 Thread 0x0000020bc76002f0 Thread added: 0x0000020bc76002f0
Event: 178912.474 Thread 0x0000020bc7600d10 Thread added: 0x0000020bc7600d10
Event: 178972.494 Thread 0x0000020bc76002f0 Thread exited: 0x0000020bc76002f0
Event: 178972.494 Thread 0x0000020bc7600d10 Thread exited: 0x0000020bc7600d10


Dynamic libraries:
0x00007ff761c50000 - 0x00007ff761c5e000 	c:\Users\bryanesteban\.vscode\extensions\redhat.java-1.25.1-win32-x64\jre\17.0.9-win32-x86_64\bin\java.exe
0x00007ff8af6f0000 - 0x00007ff8af8e8000 	C:\WINDOWS\SYSTEM32\ntdll.dll
0x00007ff8ae5a0000 - 0x00007ff8ae65f000 	C:\WINDOWS\System32\KERNEL32.DLL
0x00007ff8ad0c0000 - 0x00007ff8ad3b6000 	C:\WINDOWS\System32\KERNELBASE.dll
0x00007ff8acdd0000 - 0x00007ff8aced0000 	C:\WINDOWS\System32\ucrtbase.dll
0x00007ff8826e0000 - 0x00007ff8826f7000 	c:\Users\bryanesteban\.vscode\extensions\redhat.java-1.25.1-win32-x64\jre\17.0.9-win32-x86_64\bin\jli.dll
0x00007ff881930000 - 0x00007ff88194b000 	c:\Users\bryanesteban\.vscode\extensions\redhat.java-1.25.1-win32-x64\jre\17.0.9-win32-x86_64\bin\VCRUNTIME140.dll
0x00007ff8af100000 - 0x00007ff8af29d000 	C:\WINDOWS\System32\USER32.dll
0x00007ff899b80000 - 0x00007ff899e1a000 	C:\WINDOWS\WinSxS\amd64_microsoft.windows.common-controls_6595b64144ccf1df_6.0.19041.1110_none_60b5254171f9507e\COMCTL32.dll
0x00007ff8acf70000 - 0x00007ff8acf92000 	C:\WINDOWS\System32\win32u.dll
0x00007ff8aef10000 - 0x00007ff8aefae000 	C:\WINDOWS\System32\msvcrt.dll
0x00007ff8af620000 - 0x00007ff8af64c000 	C:\WINDOWS\System32\GDI32.dll
0x00007ff8ad4a0000 - 0x00007ff8ad5b5000 	C:\WINDOWS\System32\gdi32full.dll
0x00007ff8aced0000 - 0x00007ff8acf6d000 	C:\WINDOWS\System32\msvcp_win.dll
0x00007ff8ae660000 - 0x00007ff8ae690000 	C:\WINDOWS\System32\IMM32.DLL
0x00007ff8a72b0000 - 0x00007ff8a72bc000 	c:\Users\bryanesteban\.vscode\extensions\redhat.java-1.25.1-win32-x64\jre\17.0.9-win32-x86_64\bin\vcruntime140_1.dll
0x00007ff866ba0000 - 0x00007ff866c2d000 	c:\Users\bryanesteban\.vscode\extensions\redhat.java-1.25.1-win32-x64\jre\17.0.9-win32-x86_64\bin\msvcp140.dll
0x00007ff805c60000 - 0x00007ff8068c1000 	c:\Users\bryanesteban\.vscode\extensions\redhat.java-1.25.1-win32-x64\jre\17.0.9-win32-x86_64\bin\server\jvm.dll
0x00007ff8ae4e0000 - 0x00007ff8ae58f000 	C:\WINDOWS\System32\ADVAPI32.dll
0x00007ff8ae8d0000 - 0x00007ff8ae96c000 	C:\WINDOWS\System32\sechost.dll
0x00007ff8ae3b0000 - 0x00007ff8ae4d6000 	C:\WINDOWS\System32\RPCRT4.dll
0x00007ff8a5940000 - 0x00007ff8a5949000 	C:\WINDOWS\SYSTEM32\WSOCK32.dll
0x00007ff8ac340000 - 0x00007ff8ac38b000 	C:\WINDOWS\SYSTEM32\POWRPROF.dll
0x00007ff8af090000 - 0x00007ff8af0fb000 	C:\WINDOWS\System32\WS2_32.dll
0x00007ff89d9c0000 - 0x00007ff89d9e7000 	C:\WINDOWS\SYSTEM32\WINMM.dll
0x00007ff8a1ce0000 - 0x00007ff8a1cea000 	C:\WINDOWS\SYSTEM32\VERSION.dll
0x00007ff8ac200000 - 0x00007ff8ac212000 	C:\WINDOWS\SYSTEM32\UMPDC.dll
0x00007ff8ab630000 - 0x00007ff8ab642000 	C:\WINDOWS\SYSTEM32\kernel.appcore.dll
0x00007ff8a5720000 - 0x00007ff8a572a000 	c:\Users\bryanesteban\.vscode\extensions\redhat.java-1.25.1-win32-x64\jre\17.0.9-win32-x86_64\bin\jimage.dll
0x00007ff89fa60000 - 0x00007ff89fc44000 	C:\WINDOWS\SYSTEM32\DBGHELP.DLL
0x00007ff89fa20000 - 0x00007ff89fa54000 	C:\WINDOWS\SYSTEM32\dbgcore.DLL
0x00007ff8ad410000 - 0x00007ff8ad492000 	C:\WINDOWS\System32\bcryptPrimitives.dll
0x00007ff872aa0000 - 0x00007ff872ac5000 	c:\Users\bryanesteban\.vscode\extensions\redhat.java-1.25.1-win32-x64\jre\17.0.9-win32-x86_64\bin\java.dll
0x00007ff881870000 - 0x00007ff881888000 	c:\Users\bryanesteban\.vscode\extensions\redhat.java-1.25.1-win32-x64\jre\17.0.9-win32-x86_64\bin\zip.dll
0x00007ff8ad750000 - 0x00007ff8ade94000 	C:\WINDOWS\System32\SHELL32.dll
0x00007ff8aac70000 - 0x00007ff8ab403000 	C:\WINDOWS\SYSTEM32\windows.storage.dll
0x00007ff8adea0000 - 0x00007ff8ae1f4000 	C:\WINDOWS\System32\combase.dll
0x00007ff8ac820000 - 0x00007ff8ac84e000 	C:\WINDOWS\SYSTEM32\Wldp.dll
0x00007ff8ae280000 - 0x00007ff8ae32d000 	C:\WINDOWS\System32\SHCORE.dll
0x00007ff8ae200000 - 0x00007ff8ae255000 	C:\WINDOWS\System32\shlwapi.dll
0x00007ff8acd10000 - 0x00007ff8acd2f000 	C:\WINDOWS\SYSTEM32\profapi.dll
0x00007ff873850000 - 0x00007ff873869000 	C:\Users\bryanesteban\.vscode\extensions\redhat.java-1.25.1-win32-x64\jre\17.0.9-win32-x86_64\bin\net.dll
0x00007ff8a39c0000 - 0x00007ff8a3aca000 	C:\WINDOWS\SYSTEM32\WINHTTP.dll
0x00007ff8ac580000 - 0x00007ff8ac5ea000 	C:\WINDOWS\system32\mswsock.dll
0x00007ff86d2e0000 - 0x00007ff86d2f6000 	C:\Users\bryanesteban\.vscode\extensions\redhat.java-1.25.1-win32-x64\jre\17.0.9-win32-x86_64\bin\nio.dll
0x00007ff8ac770000 - 0x00007ff8ac788000 	C:\WINDOWS\SYSTEM32\CRYPTSP.dll
0x00007ff8abe30000 - 0x00007ff8abe64000 	C:\WINDOWS\system32\rsaenh.dll
0x00007ff8ad5c0000 - 0x00007ff8ad5e7000 	C:\WINDOWS\System32\bcrypt.dll
0x00007ff8accd0000 - 0x00007ff8accfe000 	C:\WINDOWS\SYSTEM32\USERENV.dll
0x00007ff8ac790000 - 0x00007ff8ac79c000 	C:\WINDOWS\SYSTEM32\CRYPTBASE.dll
0x00007ff8ac220000 - 0x00007ff8ac25c000 	C:\WINDOWS\SYSTEM32\IPHLPAPI.DLL
0x00007ff8af520000 - 0x00007ff8af528000 	C:\WINDOWS\System32\NSI.dll
0x00007ff8a6450000 - 0x00007ff8a6467000 	C:\WINDOWS\SYSTEM32\dhcpcsvc6.DLL
0x00007ff8a6300000 - 0x00007ff8a631d000 	C:\WINDOWS\SYSTEM32\dhcpcsvc.DLL
0x00007ff8ac260000 - 0x00007ff8ac32a000 	C:\WINDOWS\SYSTEM32\DNSAPI.dll
0x00007ff882c70000 - 0x00007ff882c80000 	c:\Users\bryanesteban\.vscode\extensions\redhat.java-1.25.1-win32-x64\jre\17.0.9-win32-x86_64\bin\verify.dll
0x00007ff882740000 - 0x00007ff882749000 	C:\Users\bryanesteban\.vscode\extensions\redhat.java-1.25.1-win32-x64\jre\17.0.9-win32-x86_64\bin\management.dll
0x00007ff8826d0000 - 0x00007ff8826db000 	C:\Users\bryanesteban\.vscode\extensions\redhat.java-1.25.1-win32-x64\jre\17.0.9-win32-x86_64\bin\management_ext.dll
0x00007ff8ae690000 - 0x00007ff8ae698000 	C:\WINDOWS\System32\PSAPI.DLL
0x00007ff882640000 - 0x00007ff88264e000 	C:\Users\bryanesteban\.vscode\extensions\redhat.java-1.25.1-win32-x64\jre\17.0.9-win32-x86_64\bin\sunmscapi.dll
0x00007ff8ad5f0000 - 0x00007ff8ad74e000 	C:\WINDOWS\System32\CRYPT32.dll
0x00007ff8ac890000 - 0x00007ff8ac8b8000 	C:\WINDOWS\SYSTEM32\ncrypt.dll
0x00007ff8ac850000 - 0x00007ff8ac88b000 	C:\WINDOWS\SYSTEM32\NTASN1.dll
0x0000000066540000 - 0x0000000066566000 	C:\Program Files\Bonjour\mdnsNSP.dll
0x00007ff8a5970000 - 0x00007ff8a597a000 	C:\Windows\System32\rasadhlp.dll
0x00007ff8a15a0000 - 0x00007ff8a1622000 	C:\WINDOWS\System32\fwpuclnt.dll
0x00007ff872d00000 - 0x00007ff872d09000 	C:\Users\bryanesteban\.vscode\extensions\redhat.java-1.25.1-win32-x64\jre\17.0.9-win32-x86_64\bin\attach.dll
0x00007ff87f190000 - 0x00007ff87f1a7000 	C:\WINDOWS\system32\napinsp.dll
0x00007ff87eef0000 - 0x00007ff87ef0b000 	C:\WINDOWS\system32\pnrpnsp.dll
0x00007ff8a7cc0000 - 0x00007ff8a7cd5000 	C:\WINDOWS\system32\wshbth.dll
0x00007ff8a9190000 - 0x00007ff8a91ad000 	C:\WINDOWS\system32\NLAapi.dll
0x00007ff87ecb0000 - 0x00007ff87ecc2000 	C:\WINDOWS\System32\winrnr.dll
0x00007ff872ad0000 - 0x00007ff872ad7000 	C:\Users\bryanesteban\.vscode\extensions\redhat.java-1.25.1-win32-x64\jre\17.0.9-win32-x86_64\bin\rmi.dll

dbghelp: loaded successfully - version: 4.0.5 - missing functions: none
symbol engine: initialized successfully - sym options: 0x614 - pdb path: .;c:\Users\bryanesteban\.vscode\extensions\redhat.java-1.25.1-win32-x64\jre\17.0.9-win32-x86_64\bin;C:\WINDOWS\SYSTEM32;C:\WINDOWS\WinSxS\amd64_microsoft.windows.common-controls_6595b64144ccf1df_6.0.19041.1110_none_60b5254171f9507e;c:\Users\bryanesteban\.vscode\extensions\redhat.java-1.25.1-win32-x64\jre\17.0.9-win32-x86_64\bin\server;C:\Program Files\Bonjour

VM Arguments:
jvm_args: -XX:+HeapDumpOnOutOfMemoryError -Xmx1024m -Dsts.lsp.client=vscode -Dsts.log.file=/dev/null -XX:TieredStopAtLevel=1 -Xlog:jni+resolve=off -Dspring.config.location=file:c:\Users\bryanesteban\.vscode\extensions\vmware.vscode-spring-boot-1.51.0\language-server\BOOT-INF\classes\application.properties 
java_command: org.springframework.ide.vscode.boot.app.BootLanguageServerBootApp
java_class_path (initial): c:\Users\bryanesteban\.vscode\extensions\vmware.vscode-spring-boot-1.51.0\language-server\BOOT-INF\classes;c:\Users\bryanesteban\.vscode\extensions\vmware.vscode-spring-boot-1.51.0\language-server\BOOT-INF\lib\annotations-24.1.0.jar;c:\Users\bryanesteban\.vscode\extensions\vmware.vscode-spring-boot-1.51.0\language-server\BOOT-INF\lib\antlr-runtime-3.5.3.jar;c:\Users\bryanesteban\.vscode\extensions\vmware.vscode-spring-boot-1.51.0\language-server\BOOT-INF\lib\antlr4-4.11.1.jar;c:\Users\bryanesteban\.vscode\extensions\vmware.vscode-spring-boot-1.51.0\language-server\BOOT-INF\lib\antlr4-runtime-4.11.1.jar;c:\Users\bryanesteban\.vscode\extensions\vmware.vscode-spring-boot-1.51.0\language-server\BOOT-INF\lib\asm-9.6.jar;c:\Users\bryanesteban\.vscode\extensions\vmware.vscode-spring-boot-1.51.0\language-server\BOOT-INF\lib\asm-analysis-9.6.jar;c:\Users\bryanesteban\.vscode\extensions\vmware.vscode-spring-boot-1.51.0\language-server\BOOT-INF\lib\asm-tree-9.6.jar;c:\Users\bryanesteban\.vscode\extensions\vmware.vscode-spring-boot-1.51.0\language-server\BOOT-INF\lib\asm-util-9.6.jar;c:\Users\bryanesteban\.vscode\extensions\vmware.vscode-spring-boot-1.51.0\language-server\BOOT-INF\lib\bosh-language-server-1.51.0-SNAPSHOT.jar;c:\Users\bryanesteban\.vscode\extensions\vmware.vscode-spring-boot-1.51.0\language-server\BOOT-INF\lib\caffeine-3.1.8.jar;c:\Users\bryanesteban\.vscode\extensions\vmware.vscode-spring-boot-1.51.0\language-server\BOOT-INF\lib\checker-qual-3.12.0.jar;c:\Users\bryanesteban\.vscode\extensions\vmware.vscode-spring-boot-1.51.0\language-server\BOOT-INF\lib\classgraph-4.8.149.jar;c:\Users\bryanesteban\.vscode\extensions\vmware.vscode-spring-boot-1.51.0\language-server\BOOT-INF\lib\commons-codec-1.15.jar;c:\Users\bryanesteban\.vscode\extensions\vmware.vscode-spring-boot-1.51.0\language-server\BOOT-INF\lib\commons-compress-1.25.0.jar;c:\Users\bryanesteban\.vscode\extensions\vmware.vscode-spring-boot-1.51.0\language-server\BOOT-INF\lib\com
Launcher Type: SUN_STANDARD

[Global flags]
     intx CICompilerCount                          = 12                                        {product} {ergonomic}
     uint ConcGCThreads                            = 4                                         {product} {ergonomic}
     uint G1ConcRefinementThreads                  = 15                                        {product} {ergonomic}
   size_t G1HeapRegionSize                         = 1048576                                   {product} {ergonomic}
    uintx GCDrainStackTargetSize                   = 64                                        {product} {ergonomic}
     bool HeapDumpOnOutOfMemoryError               = true                                   {manageable} {command line}
   size_t InitialHeapSize                          = 1069547520                                {product} {ergonomic}
   size_t MarkStackSize                            = 4194304                                   {product} {ergonomic}
   size_t MaxHeapSize                              = 1073741824                                {product} {command line}
   size_t MaxNewSize                               = 643825664                                 {product} {ergonomic}
   size_t MinHeapDeltaBytes                        = 1048576                                   {product} {ergonomic}
   size_t MinHeapSize                              = 8388608                                   {product} {ergonomic}
    uintx NonProfiledCodeHeapSize                  = 0                                      {pd product} {ergonomic}
     bool ProfileInterpreter                       = false                                  {pd product} {command line}
    uintx ProfiledCodeHeapSize                     = 0                                      {pd product} {ergonomic}
   size_t SoftMaxHeapSize                          = 1073741824                             {manageable} {ergonomic}
     intx TieredStopAtLevel                        = 1                                         {product} {command line}
     bool UseCompressedClassPointers               = true                           {product lp64_product} {ergonomic}
     bool UseCompressedOops                        = true                           {product lp64_product} {ergonomic}
     bool UseG1GC                                  = true                                      {product} {ergonomic}
     bool UseLargePagesIndividualAllocation        = false                                  {pd product} {ergonomic}

Logging:
Log output configuration:
 #0: stdout all=warning,jni+resolve=off uptime,level,tags
 #1: stderr all=off uptime,level,tags

Environment Variables:
PATH=C:\Python311\Scripts\;C:\Python311\;C:\Program Files\Common Files\Oracle\Java\javapath;C:\WINDOWS\system32;C:\Python39\Scripts\;C:\Python39\;C:\Program Files\AdoptOpenJDK\jdk-11.0.11.9-hotspot\bin;C:\Program Files (x86)\Common Files\Oracle\Java\javapath;C:\app\bryanesteban\product\12.1.0\dbhome_3\bin;C:\app\bryanetseban\product\12.1.0\dbhome_1\bin;C:\Program Files (x86)\Rockwell Software\RSCommon;C:\Program Files\Hardwipe\;C:\Program Files\Microsoft MPI\Bin\;C:\Windows\system32;C:\Windows;C:\Windows\System32\Wbem;C:\Windows\System32\WindowsPowerShell\v1.0\;C:\Program Files (x86)\NVIDIA Corporation\PhysX\Common;C:\Program Files (x86)\Brackets\command;C:\WINDOWS;C:\WINDOWS\System32\Wbem;C:\WINDOWS\System32\WindowsPowerShell\v1.0\;C:\WINDOWS\System32\OpenSSH\;C:\Program Files (x86)\Windows Live\Shared;C:\Program Files\dotnet\;C:\Program Files\Microsoft SQL Server\Client SDK\ODBC\130\Tools\Binn\;C:\Program Files\Java\jdk1.8.0_181\bin;C:\Users\bryanesteban\AppData\Local\Android\Sdk\build-tools\28.0.3;C:\Program Files (x86)\Common Files\Acronis\SnapAPI\;C:\Program Files\Microsoft SQL Server\Client SDK\ODBC\170\Tools\Binn\;C:\Program Files (x86)\dotnet\;C:\Users\bryanesteban\.rustup\toolchains\stable-x86_64-pc-windows-msvc\lib\rustlib\x86_64-pc-windows-msvc\lib;C:\Program Files\PostgreSQL\13\lib;C:\Program Files\PuTTY\;C:\ProgramData\chocolatey\bin;C:\Program Files (x86)\Microsoft SQL Server\150\Tools\Binn\;C:\Program Files\Microsoft SQL Server\150\Tools\Binn\;C:\Program Files\Microsoft SQL Server\150\DTS\Binn\;C:\Program Files (x86)\Microsoft SQL Server\150\DTS\Binn\;C:\Program Files\Azure Data Studio\bin;C:\Program Files\NVIDIA Corporation\NVIDIA NvDLISR;C:\Program Files\Git\cmd;C:\Program Files\nodejs\;C:\Users\bryanesteban\.cargo\bin;C:\Program Files (x86)\Common Files\Oracle\Java\javapath;C:\app\bryanesteban\product\12.1.0\dbhome_3\bin;C:\app\bryanetseban\product\12.1.0\dbhome_1\bin;C:\Program Files (x86)\Rockwell Software\RSCommon;C:\Program Files\Hardwipe\;C:\Prog
USERNAME=bryanesteban
OS=Windows_NT
PROCESSOR_IDENTIFIER=Intel64 Family 6 Model 151 Stepping 2, GenuineIntel
TMP=C:\Users\BRYANE~1\AppData\Local\Temp
TEMP=C:\Users\BRYANE~1\AppData\Local\Temp



Periodic native trim disabled


---------------  S Y S T E M  ---------------

OS:
 Windows 10 , 64 bit Build 19041 (10.0.19041.3031)
OS uptime: 2 days 10:05 hours

CPU: total 20 (initial active 20) (10 cores per cpu, 2 threads per core) family 6 model 151 stepping 2 microcode 0x12, cx8, cmov, fxsr, ht, mmx, 3dnowpref, sse, sse2, sse3, ssse3, sse4.1, sse4.2, popcnt, lzcnt, tsc, tscinvbit, avx, avx2, aes, erms, clmul, bmi1, bmi2, adx, sha, fma, vzeroupper, clflush, clflushopt, clwb
Processor Information for processor 0
  Max Mhz: 3610, Current Mhz: 3610, Mhz Limit: 2707
Processor Information for processor 1
  Max Mhz: 3610, Current Mhz: 3610, Mhz Limit: 3610
Processor Information for processor 2
  Max Mhz: 3610, Current Mhz: 3610, Mhz Limit: 3610
Processor Information for processor 3
  Max Mhz: 3610, Current Mhz: 3610, Mhz Limit: 3610
Processor Information for processor 4
  Max Mhz: 3610, Current Mhz: 3610, Mhz Limit: 3610
Processor Information for processor 5
  Max Mhz: 3610, Current Mhz: 3610, Mhz Limit: 3610
Processor Information for processor 6
  Max Mhz: 3610, Current Mhz: 3610, Mhz Limit: 3610
Processor Information for processor 7
  Max Mhz: 3610, Current Mhz: 3610, Mhz Limit: 3610
Processor Information for processor 8
  Max Mhz: 3610, Current Mhz: 3610, Mhz Limit: 3610
Processor Information for processor 9
  Max Mhz: 3610, Current Mhz: 3610, Mhz Limit: 3610
Processor Information for processor 10
  Max Mhz: 3610, Current Mhz: 3610, Mhz Limit: 3610
Processor Information for processor 11
  Max Mhz: 3610, Current Mhz: 3610, Mhz Limit: 3610
Processor Information for processor 12
  Max Mhz: 3610, Current Mhz: 3610, Mhz Limit: 3610
Processor Information for processor 13
  Max Mhz: 3610, Current Mhz: 3610, Mhz Limit: 3610
Processor Information for processor 14
  Max Mhz: 3610, Current Mhz: 3610, Mhz Limit: 3610
Processor Information for processor 15
  Max Mhz: 3610, Current Mhz: 3610, Mhz Limit: 3610
Processor Information for processor 16
  Max Mhz: 3610, Current Mhz: 2707, Mhz Limit: 2707
Processor Information for processor 17
  Max Mhz: 3610, Current Mhz: 2707, Mhz Limit: 2707
Processor Information for processor 18
  Max Mhz: 3610, Current Mhz: 2707, Mhz Limit: 2707
Processor Information for processor 19
  Max Mhz: 3610, Current Mhz: 2707, Mhz Limit: 2707

Memory: 4k page, system-wide physical 65277M (49859M free)
TotalPageFile size 184135M (AvailPageFile size 13M)
current process WorkingSet (physical memory assigned to process): 236M, peak: 237M
current process commit charge ("private bytes"): 294M, peak: 1180M

vm_info: OpenJDK 64-Bit Server VM (17.0.9+9) for windows-amd64 JRE (17.0.9+9), built on Oct 26 2023 14:01:42 by "admin" with MS VC++ 16.10 / 16.11 (VS2019)

END.
